# JRE version: Java(TM) SE Runtime Environment (7.0_80-b15) (build 1.7.0_80-b15)
# Java VM: Java HotSpot(TM) 64-Bit Server VM (24.80-b11 mixed mode linux-amd64 compressed oops)
Heap
 PSYoungGen      total 200192K, used 4608K [0x00000000ec080000, 0x00000000f8980000, 0x0000000100000000)
  eden space 195584K, 0% used [0x00000000ec080000,0x00000000ec080000,0x00000000f7f80000)
  from space 4608K, 100% used [0x00000000f7f80000,0x00000000f8400000,0x00000000f8400000)
  to   space 3584K, 0% used [0x00000000f8400000,0x00000000f8400000,0x00000000f8780000)
 ParOldGen       total 40448K, used 10934K [0x00000000c4200000, 0x00000000c6980000, 0x00000000ec080000)
  object space 40448K, 27% used [0x00000000c4200000,0x00000000c4cad938,0x00000000c6980000)
 PSPermGen       total 21504K, used 13009K [0x00000000bf000000, 0x00000000c0500000, 0x00000000c4200000)
  object space 21504K, 60% used [0x00000000bf000000,0x00000000bfcb4530,0x00000000c0500000)
GC Heap History (10 events):
Event: 12,145 GC heap after
Heap after GC invocations=6 (full 0):
 PSYoungGen      total 65024K, used 2960K [0x00000000ec080000, 0x00000000f0380000, 0x0000000100000000)
  eden space 61440K, 0% used [0x00000000ec080000,0x00000000ec080000,0x00000000efc80000)
  from space 3584K, 82% used [0x00000000f0000000,0x00000000f02e4030,0x00000000f0380000)
  to   space 3584K, 0% used [0x00000000efc80000,0x00000000efc80000,0x00000000f0000000)
 ParOldGen       total 40448K, used 945K [0x00000000c4200000, 0x00000000c6980000, 0x00000000ec080000)
  object space 40448K, 2% used [0x00000000c4200000,0x00000000c42ec4d8,0x00000000c6980000)
 PSPermGen       total 21504K, used 12997K [0x00000000bf000000, 0x00000000c0500000, 0x00000000c4200000)
  object space 21504K, 60% used [0x00000000bf000000,0x00000000bfcb15e8,0x00000000c0500000)
}
Event: 12,548 GC heap before
{Heap before GC invocations=7 (full 0):
 PSYoungGen      total 65024K, used 64400K [0x00000000ec080000, 0x00000000f0380000, 0x0000000100000000)
  eden space 61440K, 100% used [0x00000000ec080000,0x00000000efc80000,0x00000000efc80000)
  from space 3584K, 82% used [0x00000000f0000000,0x00000000f02e4030,0x00000000f0380000)
  to   space 3584K, 0% used [0x00000000efc80000,0x00000000efc80000,0x00000000f0000000)
 ParOldGen       total 40448K, used 945K [0x00000000c4200000, 0x00000000c6980000, 0x00000000ec080000)
  object space 40448K, 2% used [0x00000000c4200000,0x00000000c42ec4d8,0x00000000c6980000)
 PSPermGen       total 21504K, used 12997K [0x00000000bf000000, 0x00000000c0500000, 0x00000000c4200000)
  object space 21504K, 60% used [0x00000000bf000000,0x00000000bfcb17b0,0x00000000c0500000)
Event: 12,571 GC heap after
Heap after GC invocations=7 (full 0):
 PSYoungGen      total 65024K, used 1760K [0x00000000ec080000, 0x00000000f3f80000, 0x0000000100000000)
  eden space 61440K, 0% used [0x00000000ec080000,0x00000000ec080000,0x00000000efc80000)
  from space 3584K, 49% used [0x00000000efc80000,0x00000000efe38000,0x00000000f0000000)
  to   space 3584K, 0% used [0x00000000f3c00000,0x00000000f3c00000,0x00000000f3f80000)
 ParOldGen       total 40448K, used 2838K [0x00000000c4200000, 0x00000000c6980000, 0x00000000ec080000)
  object space 40448K, 7% used [0x00000000c4200000,0x00000000c44c5938,0x00000000c6980000)
 PSPermGen       total 21504K, used 12997K [0x00000000bf000000, 0x00000000c0500000, 0x00000000c4200000)
  object space 21504K, 60% used [0x00000000bf000000,0x00000000bfcb17b0,0x00000000c0500000)
}
Event: 12,900 GC heap before
{Heap before GC invocations=8 (full 0):
 PSYoungGen      total 65024K, used 63200K [0x00000000ec080000, 0x00000000f3f80000, 0x0000000100000000)
  eden space 61440K, 100% used [0x00000000ec080000,0x00000000efc80000,0x00000000efc80000)
  from space 3584K, 49% used [0x00000000efc80000,0x00000000efe38000,0x00000000f0000000)
  to   space 3584K, 0% used [0x00000000f3c00000,0x00000000f3c00000,0x00000000f3f80000)
 ParOldGen       total 40448K, used 2838K [0x00000000c4200000, 0x00000000c6980000, 0x00000000ec080000)
  object space 40448K, 7% used [0x00000000c4200000,0x00000000c44c5938,0x00000000c6980000)
 PSPermGen       total 21504K, used 12997K [0x00000000bf000000, 0x00000000c0500000, 0x00000000c4200000)
  object space 21504K, 60% used [0x00000000bf000000,0x00000000bfcb17b0,0x00000000c0500000)
Event: 12,956 GC heap after
Heap after GC invocations=8 (full 0):
 PSYoungGen      total 126464K, used 1792K [0x00000000ec080000, 0x00000000f3f80000, 0x0000000100000000)
  eden space 122880K, 0% used [0x00000000ec080000,0x00000000ec080000,0x00000000f3880000)
  from space 3584K, 50% used [0x00000000f3c00000,0x00000000f3dc0000,0x00000000f3f80000)
  to   space 3584K, 0% used [0x00000000f3880000,0x00000000f3880000,0x00000000f3c00000)
 ParOldGen       total 40448K, used 3222K [0x00000000c4200000, 0x00000000c6980000, 0x00000000ec080000)
  object space 40448K, 7% used [0x00000000c4200000,0x00000000c4525938,0x00000000c6980000)
 PSPermGen       total 21504K, used 12997K [0x00000000bf000000, 0x00000000c0500000, 0x00000000c4200000)
  object space 21504K, 60% used [0x00000000bf000000,0x00000000bfcb17b0,0x00000000c0500000)
}
Event: 14,047 GC heap before
{Heap before GC invocations=9 (full 0):
 PSYoungGen      total 126464K, used 124672K [0x00000000ec080000, 0x00000000f3f80000, 0x0000000100000000)
  eden space 122880K, 100% used [0x00000000ec080000,0x00000000f3880000,0x00000000f3880000)
  from space 3584K, 50% used [0x00000000f3c00000,0x00000000f3dc0000,0x00000000f3f80000)
  to   space 3584K, 0% used [0x00000000f3880000,0x00000000f3880000,0x00000000f3c00000)
 ParOldGen       total 40448K, used 3222K [0x00000000c4200000, 0x00000000c6980000, 0x00000000ec080000)
  object space 40448K, 7% used [0x00000000c4200000,0x00000000c4525938,0x00000000c6980000)
 PSPermGen       total 21504K, used 12998K [0x00000000bf000000, 0x00000000c0500000, 0x00000000c4200000)
  object space 21504K, 60% used [0x00000000bf000000,0x00000000bfcb1998,0x00000000c0500000)
Event: 14,086 GC heap after
Heap after GC invocations=9 (full 0):
 PSYoungGen      total 126464K, used 2736K [0x00000000ec080000, 0x00000000f8780000, 0x0000000100000000)
  eden space 122880K, 0% used [0x00000000ec080000,0x00000000ec080000,0x00000000f3880000)
  from space 3584K, 76% used [0x00000000f3880000,0x00000000f3b2c010,0x00000000f3c00000)
  to   space 3584K, 0% used [0x00000000f8400000,0x00000000f8400000,0x00000000f8780000)
 ParOldGen       total 40448K, used 3854K [0x00000000c4200000, 0x00000000c6980000, 0x00000000ec080000)
  object space 40448K, 9% used [0x00000000c4200000,0x00000000c45c3938,0x00000000c6980000)
 PSPermGen       total 21504K, used 12998K [0x00000000bf000000, 0x00000000c0500000, 0x00000000c4200000)
  object space 21504K, 60% used [0x00000000bf000000,0x00000000bfcb1998,0x00000000c0500000)
}
Event: 14,757 GC heap before
{Heap before GC invocations=10 (full 0):
 PSYoungGen      total 126464K, used 125616K [0x00000000ec080000, 0x00000000f8780000, 0x0000000100000000)
  eden space 122880K, 100% used [0x00000000ec080000,0x00000000f3880000,0x00000000f3880000)
  from space 3584K, 76% used [0x00000000f3880000,0x00000000f3b2c010,0x00000000f3c00000)
  to   space 3584K, 0% used [0x00000000f8400000,0x00000000f8400000,0x00000000f8780000)
 ParOldGen       total 40448K, used 3854K [0x00000000c4200000, 0x00000000c6980000, 0x00000000ec080000)
  object space 40448K, 9% used [0x00000000c4200000,0x00000000c45c3938,0x00000000c6980000)
 PSPermGen       total 21504K, used 12999K [0x00000000bf000000, 0x00000000c0500000, 0x00000000c4200000)
  object space 21504K, 60% used [0x00000000bf000000,0x00000000bfcb1c10,0x00000000c0500000)
Event: 14,796 GC heap after
Heap after GC invocations=10 (full 0):
 PSYoungGen      total 199168K, used 3584K [0x00000000ec080000, 0x00000000f8980000, 0x0000000100000000)
  eden space 195584K, 0% used [0x00000000ec080000,0x00000000ec080000,0x00000000f7f80000)
  from space 3584K, 100% used [0x00000000f8400000,0x00000000f8780000,0x00000000f8780000)
  to   space 4608K, 0% used [0x00000000f7f80000,0x00000000f7f80000,0x00000000f8400000)
 ParOldGen       total 40448K, used 6054K [0x00000000c4200000, 0x00000000c6980000, 0x00000000ec080000)
  object space 40448K, 14% used [0x00000000c4200000,0x00000000c47e9938,0x00000000c6980000)
 PSPermGen       total 21504K, used 12999K [0x00000000bf000000, 0x00000000c0500000, 0x00000000c4200000)
  object space 21504K, 60% used [0x00000000bf000000,0x00000000bfcb1c10,0x00000000c0500000)
}
Event: 16,341 GC heap before
{Heap before GC invocations=11 (full 0):
 PSYoungGen      total 199168K, used 199168K [0x00000000ec080000, 0x00000000f8980000, 0x0000000100000000)
  eden space 195584K, 100% used [0x00000000ec080000,0x00000000f7f80000,0x00000000f7f80000)
  from space 3584K, 100% used [0x00000000f8400000,0x00000000f8780000,0x00000000f8780000)
  to   space 4608K, 0% used [0x00000000f7f80000,0x00000000f7f80000,0x00000000f8400000)
 ParOldGen       total 40448K, used 6054K [0x00000000c4200000, 0x00000000c6980000, 0x00000000ec080000)
  object space 40448K, 14% used [0x00000000c4200000,0x00000000c47e9938,0x00000000c6980000)
 PSPermGen       total 21504K, used 13009K [0x00000000bf000000, 0x00000000c0500000, 0x00000000c4200000)
  object space 21504K, 60% used [0x00000000bf000000,0x00000000bfcb4530,0x00000000c0500000)

