# JRE version: Java(TM) SE Runtime Environment (7.0_80-b15) (build 1.7.0_80-b15)
# Java VM: Java HotSpot(TM) 64-Bit Server VM (24.80-b11 mixed mode linux-amd64 compressed oops)
Heap
 PSYoungGen      total 200192K, used 4608K [0x00000000ec080000, 0x00000000f8980000, 0x0000000100000000)
  eden space 195584K, 0% used [0x00000000ec080000,0x00000000ec080000,0x00000000f7f80000)
  from space 4608K, 100% used [0x00000000f7f80000,0x00000000f8400000,0x00000000f8400000)
  to   space 3584K, 0% used [0x00000000f8400000,0x00000000f8400000,0x00000000f8780000)
 ParOldGen       total 40448K, used 10883K [0x00000000c4200000, 0x00000000c6980000, 0x00000000ec080000)
  object space 40448K, 26% used [0x00000000c4200000,0x00000000c4ca0c88,0x00000000c6980000)
 PSPermGen       total 21504K, used 12983K [0x00000000bf000000, 0x00000000c0500000, 0x00000000c4200000)
  object space 21504K, 60% used [0x00000000bf000000,0x00000000bfcadfe0,0x00000000c0500000)
GC Heap History (10 events):
Event: 10,877 GC heap after
Heap after GC invocations=6 (full 0):
 PSYoungGen      total 65024K, used 2896K [0x00000000ec080000, 0x00000000f0380000, 0x0000000100000000)
  eden space 61440K, 0% used [0x00000000ec080000,0x00000000ec080000,0x00000000efc80000)
  from space 3584K, 80% used [0x00000000f0000000,0x00000000f02d4030,0x00000000f0380000)
  to   space 3584K, 0% used [0x00000000efc80000,0x00000000efc80000,0x00000000f0000000)
 ParOldGen       total 40448K, used 902K [0x00000000c4200000, 0x00000000c6980000, 0x00000000ec080000)
  object space 40448K, 2% used [0x00000000c4200000,0x00000000c42e18a8,0x00000000c6980000)
 PSPermGen       total 21504K, used 12971K [0x00000000bf000000, 0x00000000c0500000, 0x00000000c4200000)
  object space 21504K, 60% used [0x00000000bf000000,0x00000000bfcaae88,0x00000000c0500000)
}
Event: 11,245 GC heap before
{Heap before GC invocations=7 (full 0):
 PSYoungGen      total 65024K, used 64336K [0x00000000ec080000, 0x00000000f0380000, 0x0000000100000000)
  eden space 61440K, 100% used [0x00000000ec080000,0x00000000efc80000,0x00000000efc80000)
  from space 3584K, 80% used [0x00000000f0000000,0x00000000f02d4030,0x00000000f0380000)
  to   space 3584K, 0% used [0x00000000efc80000,0x00000000efc80000,0x00000000f0000000)
 ParOldGen       total 40448K, used 902K [0x00000000c4200000, 0x00000000c6980000, 0x00000000ec080000)
  object space 40448K, 2% used [0x00000000c4200000,0x00000000c42e18a8,0x00000000c6980000)
 PSPermGen       total 21504K, used 12971K [0x00000000bf000000, 0x00000000c0500000, 0x00000000c4200000)
  object space 21504K, 60% used [0x00000000bf000000,0x00000000bfcaae88,0x00000000c0500000)
Event: 11,264 GC heap after
Heap after GC invocations=7 (full 0):
 PSYoungGen      total 65024K, used 1760K [0x00000000ec080000, 0x00000000f3f80000, 0x0000000100000000)
  eden space 61440K, 0% used [0x00000000ec080000,0x00000000ec080000,0x00000000efc80000)
  from space 3584K, 49% used [0x00000000efc80000,0x00000000efe38000,0x00000000f0000000)
  to   space 3584K, 0% used [0x00000000f3c00000,0x00000000f3c00000,0x00000000f3f80000)
 ParOldGen       total 40448K, used 2787K [0x00000000c4200000, 0x00000000c6980000, 0x00000000ec080000)
  object space 40448K, 6% used [0x00000000c4200000,0x00000000c44b8c88,0x00000000c6980000)
 PSPermGen       total 21504K, used 12971K [0x00000000bf000000, 0x00000000c0500000, 0x00000000c4200000)
  object space 21504K, 60% used [0x00000000bf000000,0x00000000bfcaae88,0x00000000c0500000)
}
Event: 11,550 GC heap before
{Heap before GC invocations=8 (full 0):
 PSYoungGen      total 65024K, used 63200K [0x00000000ec080000, 0x00000000f3f80000, 0x0000000100000000)
  eden space 61440K, 100% used [0x00000000ec080000,0x00000000efc80000,0x00000000efc80000)
  from space 3584K, 49% used [0x00000000efc80000,0x00000000efe38000,0x00000000f0000000)
  to   space 3584K, 0% used [0x00000000f3c00000,0x00000000f3c00000,0x00000000f3f80000)
 ParOldGen       total 40448K, used 2787K [0x00000000c4200000, 0x00000000c6980000, 0x00000000ec080000)
  object space 40448K, 6% used [0x00000000c4200000,0x00000000c44b8c88,0x00000000c6980000)
 PSPermGen       total 21504K, used 12971K [0x00000000bf000000, 0x00000000c0500000, 0x00000000c4200000)
  object space 21504K, 60% used [0x00000000bf000000,0x00000000bfcaafa8,0x00000000c0500000)
Event: 11,575 GC heap after
Heap after GC invocations=8 (full 0):
 PSYoungGen      total 126464K, used 1792K [0x00000000ec080000, 0x00000000f3f80000, 0x0000000100000000)
  eden space 122880K, 0% used [0x00000000ec080000,0x00000000ec080000,0x00000000f3880000)
  from space 3584K, 50% used [0x00000000f3c00000,0x00000000f3dc0000,0x00000000f3f80000)
  to   space 3584K, 0% used [0x00000000f3880000,0x00000000f3880000,0x00000000f3c00000)
 ParOldGen       total 40448K, used 3155K [0x00000000c4200000, 0x00000000c6980000, 0x00000000ec080000)
  object space 40448K, 7% used [0x00000000c4200000,0x00000000c4514c88,0x00000000c6980000)
 PSPermGen       total 21504K, used 12971K [0x00000000bf000000, 0x00000000c0500000, 0x00000000c4200000)
  object space 21504K, 60% used [0x00000000bf000000,0x00000000bfcaafa8,0x00000000c0500000)
}
Event: 12,745 GC heap before
{Heap before GC invocations=9 (full 0):
 PSYoungGen      total 126464K, used 124672K [0x00000000ec080000, 0x00000000f3f80000, 0x0000000100000000)
  eden space 122880K, 100% used [0x00000000ec080000,0x00000000f3880000,0x00000000f3880000)
  from space 3584K, 50% used [0x00000000f3c00000,0x00000000f3dc0000,0x00000000f3f80000)
  to   space 3584K, 0% used [0x00000000f3880000,0x00000000f3880000,0x00000000f3c00000)
 ParOldGen       total 40448K, used 3155K [0x00000000c4200000, 0x00000000c6980000, 0x00000000ec080000)
  object space 40448K, 7% used [0x00000000c4200000,0x00000000c4514c88,0x00000000c6980000)
 PSPermGen       total 21504K, used 12972K [0x00000000bf000000, 0x00000000c0500000, 0x00000000c4200000)
  object space 21504K, 60% used [0x00000000bf000000,0x00000000bfcab070,0x00000000c0500000)
Event: 12,772 GC heap after
Heap after GC invocations=9 (full 0):
 PSYoungGen      total 126464K, used 2720K [0x00000000ec080000, 0x00000000f8780000, 0x0000000100000000)
  eden space 122880K, 0% used [0x00000000ec080000,0x00000000ec080000,0x00000000f3880000)
  from space 3584K, 75% used [0x00000000f3880000,0x00000000f3b28000,0x00000000f3c00000)
  to   space 3584K, 0% used [0x00000000f8400000,0x00000000f8400000,0x00000000f8780000)
 ParOldGen       total 40448K, used 3795K [0x00000000c4200000, 0x00000000c6980000, 0x00000000ec080000)
  object space 40448K, 9% used [0x00000000c4200000,0x00000000c45b4c88,0x00000000c6980000)
 PSPermGen       total 21504K, used 12972K [0x00000000bf000000, 0x00000000c0500000, 0x00000000c4200000)
  object space 21504K, 60% used [0x00000000bf000000,0x00000000bfcab070,0x00000000c0500000)
}
Event: 13,480 GC heap before
{Heap before GC invocations=10 (full 0):
 PSYoungGen      total 126464K, used 125600K [0x00000000ec080000, 0x00000000f8780000, 0x0000000100000000)
  eden space 122880K, 100% used [0x00000000ec080000,0x00000000f3880000,0x00000000f3880000)
  from space 3584K, 75% used [0x00000000f3880000,0x00000000f3b28000,0x00000000f3c00000)
  to   space 3584K, 0% used [0x00000000f8400000,0x00000000f8400000,0x00000000f8780000)
 ParOldGen       total 40448K, used 3795K [0x00000000c4200000, 0x00000000c6980000, 0x00000000ec080000)
  object space 40448K, 9% used [0x00000000c4200000,0x00000000c45b4c88,0x00000000c6980000)
 PSPermGen       total 21504K, used 12972K [0x00000000bf000000, 0x00000000c0500000, 0x00000000c4200000)
  object space 21504K, 60% used [0x00000000bf000000,0x00000000bfcab3a8,0x00000000c0500000)
Event: 13,536 GC heap after
Heap after GC invocations=10 (full 0):
 PSYoungGen      total 199168K, used 3568K [0x00000000ec080000, 0x00000000f8980000, 0x0000000100000000)
  eden space 195584K, 0% used [0x00000000ec080000,0x00000000ec080000,0x00000000f7f80000)
  from space 3584K, 99% used [0x00000000f8400000,0x00000000f877c010,0x00000000f8780000)
  to   space 4608K, 0% used [0x00000000f7f80000,0x00000000f7f80000,0x00000000f8400000)
 ParOldGen       total 40448K, used 6059K [0x00000000c4200000, 0x00000000c6980000, 0x00000000ec080000)
  object space 40448K, 14% used [0x00000000c4200000,0x00000000c47eac88,0x00000000c6980000)
 PSPermGen       total 21504K, used 12972K [0x00000000bf000000, 0x00000000c0500000, 0x00000000c4200000)
  object space 21504K, 60% used [0x00000000bf000000,0x00000000bfcab3a8,0x00000000c0500000)
}
Event: 15,096 GC heap before
{Heap before GC invocations=11 (full 0):
 PSYoungGen      total 199168K, used 199152K [0x00000000ec080000, 0x00000000f8980000, 0x0000000100000000)
  eden space 195584K, 100% used [0x00000000ec080000,0x00000000f7f80000,0x00000000f7f80000)
  from space 3584K, 99% used [0x00000000f8400000,0x00000000f877c010,0x00000000f8780000)
  to   space 4608K, 0% used [0x00000000f7f80000,0x00000000f7f80000,0x00000000f8400000)
 ParOldGen       total 40448K, used 6059K [0x00000000c4200000, 0x00000000c6980000, 0x00000000ec080000)
  object space 40448K, 14% used [0x00000000c4200000,0x00000000c47eac88,0x00000000c6980000)
 PSPermGen       total 21504K, used 12983K [0x00000000bf000000, 0x00000000c0500000, 0x00000000c4200000)
  object space 21504K, 60% used [0x00000000bf000000,0x00000000bfcadfe0,0x00000000c0500000)

