# JRE version: Java(TM) SE Runtime Environment (7.0_80-b15) (build 1.7.0_80-b15)
# Java VM: Java HotSpot(TM) 64-Bit Server VM (24.80-b11 mixed mode linux-amd64 compressed oops)
Heap
 PSYoungGen      total 200192K, used 4608K [0x00000000ec080000, 0x00000000f8980000, 0x0000000100000000)
  eden space 195584K, 0% used [0x00000000ec080000,0x00000000ec080000,0x00000000f7f80000)
  from space 4608K, 100% used [0x00000000f7f80000,0x00000000f8400000,0x00000000f8400000)
  to   space 3584K, 0% used [0x00000000f8400000,0x00000000f8400000,0x00000000f8780000)
 ParOldGen       total 40448K, used 10943K [0x00000000c4200000, 0x00000000c6980000, 0x00000000ec080000)
  object space 40448K, 27% used [0x00000000c4200000,0x00000000c4caffc0,0x00000000c6980000)
 PSPermGen       total 21504K, used 12993K [0x00000000bf000000, 0x00000000c0500000, 0x00000000c4200000)
  object space 21504K, 60% used [0x00000000bf000000,0x00000000bfcb0428,0x00000000c0500000)
GC Heap History (10 events):
Event: 10,161 GC heap after
Heap after GC invocations=6 (full 0):
 PSYoungGen      total 65024K, used 2944K [0x00000000ec080000, 0x00000000f0380000, 0x0000000100000000)
  eden space 61440K, 0% used [0x00000000ec080000,0x00000000ec080000,0x00000000efc80000)
  from space 3584K, 82% used [0x00000000f0000000,0x00000000f02e0020,0x00000000f0380000)
  to   space 3584K, 0% used [0x00000000efc80000,0x00000000efc80000,0x00000000f0000000)
 ParOldGen       total 40448K, used 942K [0x00000000c4200000, 0x00000000c6980000, 0x00000000ec080000)
  object space 40448K, 2% used [0x00000000c4200000,0x00000000c42eb9b0,0x00000000c6980000)
 PSPermGen       total 21504K, used 12980K [0x00000000bf000000, 0x00000000c0500000, 0x00000000c4200000)
  object space 21504K, 60% used [0x00000000bf000000,0x00000000bfcad328,0x00000000c0500000)
}
Event: 10,541 GC heap before
{Heap before GC invocations=7 (full 0):
 PSYoungGen      total 65024K, used 64384K [0x00000000ec080000, 0x00000000f0380000, 0x0000000100000000)
  eden space 61440K, 100% used [0x00000000ec080000,0x00000000efc80000,0x00000000efc80000)
  from space 3584K, 82% used [0x00000000f0000000,0x00000000f02e0020,0x00000000f0380000)
  to   space 3584K, 0% used [0x00000000efc80000,0x00000000efc80000,0x00000000f0000000)
 ParOldGen       total 40448K, used 942K [0x00000000c4200000, 0x00000000c6980000, 0x00000000ec080000)
  object space 40448K, 2% used [0x00000000c4200000,0x00000000c42eb9b0,0x00000000c6980000)
 PSPermGen       total 21504K, used 12980K [0x00000000bf000000, 0x00000000c0500000, 0x00000000c4200000)
  object space 21504K, 60% used [0x00000000bf000000,0x00000000bfcad328,0x00000000c0500000)
Event: 10,559 GC heap after
Heap after GC invocations=7 (full 0):
 PSYoungGen      total 65024K, used 1792K [0x00000000ec080000, 0x00000000f3f80000, 0x0000000100000000)
  eden space 61440K, 0% used [0x00000000ec080000,0x00000000ec080000,0x00000000efc80000)
  from space 3584K, 50% used [0x00000000efc80000,0x00000000efe40000,0x00000000f0000000)
  to   space 3584K, 0% used [0x00000000f3c00000,0x00000000f3c00000,0x00000000f3f80000)
 ParOldGen       total 40448K, used 2767K [0x00000000c4200000, 0x00000000c6980000, 0x00000000ec080000)
  object space 40448K, 6% used [0x00000000c4200000,0x00000000c44b3fc0,0x00000000c6980000)
 PSPermGen       total 21504K, used 12980K [0x00000000bf000000, 0x00000000c0500000, 0x00000000c4200000)
  object space 21504K, 60% used [0x00000000bf000000,0x00000000bfcad328,0x00000000c0500000)
}
Event: 10,859 GC heap before
{Heap before GC invocations=8 (full 0):
 PSYoungGen      total 65024K, used 63232K [0x00000000ec080000, 0x00000000f3f80000, 0x0000000100000000)
  eden space 61440K, 100% used [0x00000000ec080000,0x00000000efc80000,0x00000000efc80000)
  from space 3584K, 50% used [0x00000000efc80000,0x00000000efe40000,0x00000000f0000000)
  to   space 3584K, 0% used [0x00000000f3c00000,0x00000000f3c00000,0x00000000f3f80000)
 ParOldGen       total 40448K, used 2767K [0x00000000c4200000, 0x00000000c6980000, 0x00000000ec080000)
  object space 40448K, 6% used [0x00000000c4200000,0x00000000c44b3fc0,0x00000000c6980000)
 PSPermGen       total 21504K, used 12981K [0x00000000bf000000, 0x00000000c0500000, 0x00000000c4200000)
  object space 21504K, 60% used [0x00000000bf000000,0x00000000bfcad448,0x00000000c0500000)
Event: 10,869 GC heap after
Heap after GC invocations=8 (full 0):
 PSYoungGen      total 126464K, used 1792K [0x00000000ec080000, 0x00000000f3f80000, 0x0000000100000000)
  eden space 122880K, 0% used [0x00000000ec080000,0x00000000ec080000,0x00000000f3880000)
  from space 3584K, 50% used [0x00000000f3c00000,0x00000000f3dc0000,0x00000000f3f80000)
  to   space 3584K, 0% used [0x00000000f3880000,0x00000000f3880000,0x00000000f3c00000)
 ParOldGen       total 40448K, used 3175K [0x00000000c4200000, 0x00000000c6980000, 0x00000000ec080000)
  object space 40448K, 7% used [0x00000000c4200000,0x00000000c4519fc0,0x00000000c6980000)
 PSPermGen       total 21504K, used 12981K [0x00000000bf000000, 0x00000000c0500000, 0x00000000c4200000)
  object space 21504K, 60% used [0x00000000bf000000,0x00000000bfcad448,0x00000000c0500000)
}
Event: 11,852 GC heap before
{Heap before GC invocations=9 (full 0):
 PSYoungGen      total 126464K, used 124672K [0x00000000ec080000, 0x00000000f3f80000, 0x0000000100000000)
  eden space 122880K, 100% used [0x00000000ec080000,0x00000000f3880000,0x00000000f3880000)
  from space 3584K, 50% used [0x00000000f3c00000,0x00000000f3dc0000,0x00000000f3f80000)
  to   space 3584K, 0% used [0x00000000f3880000,0x00000000f3880000,0x00000000f3c00000)
 ParOldGen       total 40448K, used 3175K [0x00000000c4200000, 0x00000000c6980000, 0x00000000ec080000)
  object space 40448K, 7% used [0x00000000c4200000,0x00000000c4519fc0,0x00000000c6980000)
 PSPermGen       total 21504K, used 12981K [0x00000000bf000000, 0x00000000c0500000, 0x00000000c4200000)
  object space 21504K, 60% used [0x00000000bf000000,0x00000000bfcad6c8,0x00000000c0500000)
Event: 11,885 GC heap after
Heap after GC invocations=9 (full 0):
 PSYoungGen      total 126464K, used 2720K [0x00000000ec080000, 0x00000000f8780000, 0x0000000100000000)
  eden space 122880K, 0% used [0x00000000ec080000,0x00000000ec080000,0x00000000f3880000)
  from space 3584K, 75% used [0x00000000f3880000,0x00000000f3b28000,0x00000000f3c00000)
  to   space 3584K, 0% used [0x00000000f8400000,0x00000000f8400000,0x00000000f8780000)
 ParOldGen       total 40448K, used 3839K [0x00000000c4200000, 0x00000000c6980000, 0x00000000ec080000)
  object space 40448K, 9% used [0x00000000c4200000,0x00000000c45bffc0,0x00000000c6980000)
 PSPermGen       total 21504K, used 12981K [0x00000000bf000000, 0x00000000c0500000, 0x00000000c4200000)
  object space 21504K, 60% used [0x00000000bf000000,0x00000000bfcad6c8,0x00000000c0500000)
}
Event: 12,565 GC heap before
{Heap before GC invocations=10 (full 0):
 PSYoungGen      total 126464K, used 125600K [0x00000000ec080000, 0x00000000f8780000, 0x0000000100000000)
  eden space 122880K, 100% used [0x00000000ec080000,0x00000000f3880000,0x00000000f3880000)
  from space 3584K, 75% used [0x00000000f3880000,0x00000000f3b28000,0x00000000f3c00000)
  to   space 3584K, 0% used [0x00000000f8400000,0x00000000f8400000,0x00000000f8780000)
 ParOldGen       total 40448K, used 3839K [0x00000000c4200000, 0x00000000c6980000, 0x00000000ec080000)
  object space 40448K, 9% used [0x00000000c4200000,0x00000000c45bffc0,0x00000000c6980000)
 PSPermGen       total 21504K, used 12982K [0x00000000bf000000, 0x00000000c0500000, 0x00000000c4200000)
  object space 21504K, 60% used [0x00000000bf000000,0x00000000bfcadb08,0x00000000c0500000)
Event: 12,625 GC heap after
Heap after GC invocations=10 (full 0):
 PSYoungGen      total 199168K, used 3584K [0x00000000ec080000, 0x00000000f8980000, 0x0000000100000000)
  eden space 195584K, 0% used [0x00000000ec080000,0x00000000ec080000,0x00000000f7f80000)
  from space 3584K, 100% used [0x00000000f8400000,0x00000000f8780000,0x00000000f8780000)
  to   space 4608K, 0% used [0x00000000f7f80000,0x00000000f7f80000,0x00000000f8400000)
 ParOldGen       total 40448K, used 6087K [0x00000000c4200000, 0x00000000c6980000, 0x00000000ec080000)
  object space 40448K, 15% used [0x00000000c4200000,0x00000000c47f1fc0,0x00000000c6980000)
 PSPermGen       total 21504K, used 12982K [0x00000000bf000000, 0x00000000c0500000, 0x00000000c4200000)
  object space 21504K, 60% used [0x00000000bf000000,0x00000000bfcadb08,0x00000000c0500000)
}
Event: 14,208 GC heap before
{Heap before GC invocations=11 (full 0):
 PSYoungGen      total 199168K, used 199168K [0x00000000ec080000, 0x00000000f8980000, 0x0000000100000000)
  eden space 195584K, 100% used [0x00000000ec080000,0x00000000f7f80000,0x00000000f7f80000)
  from space 3584K, 100% used [0x00000000f8400000,0x00000000f8780000,0x00000000f8780000)
  to   space 4608K, 0% used [0x00000000f7f80000,0x00000000f7f80000,0x00000000f8400000)
 ParOldGen       total 40448K, used 6087K [0x00000000c4200000, 0x00000000c6980000, 0x00000000ec080000)
  object space 40448K, 15% used [0x00000000c4200000,0x00000000c47f1fc0,0x00000000c6980000)
 PSPermGen       total 21504K, used 12993K [0x00000000bf000000, 0x00000000c0500000, 0x00000000c4200000)
  object space 21504K, 60% used [0x00000000bf000000,0x00000000bfcb0428,0x00000000c0500000)

